<?xml version="1.0" encoding="UTF-8"?>
<testng-results ignored="0" total="10" passed="9" failed="0" skipped="1">
  <reporter-output>
  </reporter-output>
  <suite started-at="2023-07-19T03:14:33 WIB" name="Default suite" finished-at="2023-07-19T03:15:46 WIB" duration-ms="73369">
    <groups>
      <group name="cucumber">
        <method signature="AbstractTestNGCucumberTests.runScenario(io.cucumber.testng.PickleWrapper, io.cucumber.testng.FeatureWrapper)[pri:0, instance:runnerfiles.RunnerFiles@69e1dd28]" name="runScenario" class="io.cucumber.testng.AbstractTestNGCucumberTests"/>
      </group> <!-- cucumber -->
    </groups>
    <test started-at="2023-07-19T03:14:33 WIB" name="Default test" finished-at="2023-07-19T03:15:46 WIB" duration-ms="73369">
      <class name="runnerfiles.RunnerFiles">
        <test-method is-config="true" signature="setUpClass()[pri:0, instance:runnerfiles.RunnerFiles@69e1dd28]" started-at="2023-07-19T03:14:33 WIB" name="setUpClass" finished-at="2023-07-19T03:14:33 WIB" duration-ms="489" status="PASS">
          <reporter-output>
          </reporter-output>
        </test-method> <!-- setUpClass -->
        <test-method signature="runScenario(io.cucumber.testng.PickleWrapper, io.cucumber.testng.FeatureWrapper)[pri:0, instance:runnerfiles.RunnerFiles@69e1dd28]" started-at="2023-07-19T03:14:33 WIB" name="runScenario" description="Runs Cucumber Scenarios" data-provider="scenarios" finished-at="2023-07-19T03:14:41 WIB" duration-ms="7768" status="PASS">
          <params>
            <param index="0">
              <value>
                <![CDATA["User can Access Tokopedia Tiket Kereta Api"]]>
              </value>
            </param>
            <param index="1">
              <value>
                <![CDATA["Tiket Kereta Api"]]>
              </value>
            </param>
          </params>
          <reporter-output>
          </reporter-output>
        </test-method> <!-- runScenario -->
        <test-method signature="runScenario(io.cucumber.testng.PickleWrapper, io.cucumber.testng.FeatureWrapper)[pri:0, instance:runnerfiles.RunnerFiles@69e1dd28]" started-at="2023-07-19T03:14:41 WIB" name="runScenario" description="Runs Cucumber Scenarios" data-provider="scenarios" finished-at="2023-07-19T03:14:48 WIB" duration-ms="6633" status="PASS">
          <params>
            <param index="0">
              <value>
                <![CDATA["To ensure can select option for field Asal"]]>
              </value>
            </param>
            <param index="1">
              <value>
                <![CDATA["Tiket Kereta Api"]]>
              </value>
            </param>
          </params>
          <reporter-output>
          </reporter-output>
        </test-method> <!-- runScenario -->
        <test-method signature="runScenario(io.cucumber.testng.PickleWrapper, io.cucumber.testng.FeatureWrapper)[pri:0, instance:runnerfiles.RunnerFiles@69e1dd28]" started-at="2023-07-19T03:14:48 WIB" name="runScenario" description="Runs Cucumber Scenarios" data-provider="scenarios" finished-at="2023-07-19T03:14:55 WIB" duration-ms="7062" status="PASS">
          <params>
            <param index="0">
              <value>
                <![CDATA["To ensure can search option for field Asal"]]>
              </value>
            </param>
            <param index="1">
              <value>
                <![CDATA["Tiket Kereta Api"]]>
              </value>
            </param>
          </params>
          <reporter-output>
          </reporter-output>
        </test-method> <!-- runScenario -->
        <test-method signature="runScenario(io.cucumber.testng.PickleWrapper, io.cucumber.testng.FeatureWrapper)[pri:0, instance:runnerfiles.RunnerFiles@69e1dd28]" started-at="2023-07-19T03:14:55 WIB" name="runScenario" description="Runs Cucumber Scenarios" data-provider="scenarios" finished-at="2023-07-19T03:15:02 WIB" duration-ms="7282" status="PASS">
          <params>
            <param index="0">
              <value>
                <![CDATA["To ensure error message will be displayed when input invalid value at field Asal"]]>
              </value>
            </param>
            <param index="1">
              <value>
                <![CDATA["Tiket Kereta Api"]]>
              </value>
            </param>
          </params>
          <reporter-output>
          </reporter-output>
        </test-method> <!-- runScenario -->
        <test-method signature="runScenario(io.cucumber.testng.PickleWrapper, io.cucumber.testng.FeatureWrapper)[pri:0, instance:runnerfiles.RunnerFiles@69e1dd28]" started-at="2023-07-19T03:15:02 WIB" name="runScenario" description="Runs Cucumber Scenarios" data-provider="scenarios" finished-at="2023-07-19T03:15:09 WIB" duration-ms="7266" status="PASS">
          <params>
            <param index="0">
              <value>
                <![CDATA["To ensure can search option for field Tujuan"]]>
              </value>
            </param>
            <param index="1">
              <value>
                <![CDATA["Tiket Kereta Api"]]>
              </value>
            </param>
          </params>
          <reporter-output>
          </reporter-output>
        </test-method> <!-- runScenario -->
        <test-method signature="runScenario(io.cucumber.testng.PickleWrapper, io.cucumber.testng.FeatureWrapper)[pri:0, instance:runnerfiles.RunnerFiles@69e1dd28]" started-at="2023-07-19T03:15:09 WIB" name="runScenario" description="Runs Cucumber Scenarios" data-provider="scenarios" finished-at="2023-07-19T03:15:16 WIB" duration-ms="6583" status="SKIP">
          <params>
            <param index="0">
              <value>
                <![CDATA["To ensure can select option for field Tujuan"]]>
              </value>
            </param>
            <param index="1">
              <value>
                <![CDATA["Tiket Kereta Api"]]>
              </value>
            </param>
          </params>
          <exception class="io.cucumber.testng.UndefinedStepException">
            <message>
              <![CDATA[The step "option will be selected as Tujuan "gambir (gmr)"" is undefined. You can implement it using the snippet(s) below:

@Then("option will be selected as Tujuan {string}")
public void option_will_be_selected_as_Tujuan(String string) {
    // Write code here that turns the phrase above into concrete actions
    throw new io.cucumber.java.PendingException();
}
]]>
            </message>
            <full-stacktrace>
              <![CDATA[io.cucumber.testng.UndefinedStepException: The step "option will be selected as Tujuan "gambir (gmr)"" is undefined. You can implement it using the snippet(s) below:

@Then("option will be selected as Tujuan {string}")
public void option_will_be_selected_as_Tujuan(String string) {
    // Write code here that turns the phrase above into concrete actions
    throw new io.cucumber.java.PendingException();
}

at io.cucumber.testng.TestCaseResultObserver.assertTestCasePassed(TestCaseResultObserver.java:112)
at io.cucumber.testng.TestNGCucumberRunner.runScenario(TestNGCucumberRunner.java:125)
at io.cucumber.testng.AbstractTestNGCucumberTests.runScenario(AbstractTestNGCucumberTests.java:29)
at java.base/jdk.internal.reflect.NativeMethodAccessorImpl.invoke0(Native Method)
at java.base/jdk.internal.reflect.NativeMethodAccessorImpl.invoke(NativeMethodAccessorImpl.java:77)
at java.base/jdk.internal.reflect.DelegatingMethodAccessorImpl.invoke(DelegatingMethodAccessorImpl.java:43)
at java.base/java.lang.reflect.Method.invoke(Method.java:568)
at org.testng.internal.MethodInvocationHelper.invokeMethod(MethodInvocationHelper.java:134)
at org.testng.internal.TestInvoker.invokeMethod(TestInvoker.java:597)
at org.testng.internal.TestInvoker.invokeTestMethod(TestInvoker.java:173)
at org.testng.internal.MethodRunner.runInSequence(MethodRunner.java:46)
at org.testng.internal.TestInvoker$MethodInvocationAgent.invoke(TestInvoker.java:816)
at org.testng.internal.TestInvoker.invokeTestMethods(TestInvoker.java:146)
at org.testng.internal.TestMethodWorker.invokeTestMethods(TestMethodWorker.java:146)
at org.testng.internal.TestMethodWorker.run(TestMethodWorker.java:128)
at java.base/java.util.ArrayList.forEach(ArrayList.java:1511)
at org.testng.TestRunner.privateRun(TestRunner.java:766)
at org.testng.TestRunner.run(TestRunner.java:587)
at org.testng.SuiteRunner.runTest(SuiteRunner.java:384)
at org.testng.SuiteRunner.runSequentially(SuiteRunner.java:378)
at org.testng.SuiteRunner.privateRun(SuiteRunner.java:337)
at org.testng.SuiteRunner.run(SuiteRunner.java:286)
at org.testng.SuiteRunnerWorker.runSuite(SuiteRunnerWorker.java:53)
at org.testng.SuiteRunnerWorker.run(SuiteRunnerWorker.java:96)
at org.testng.TestNG.runSuitesSequentially(TestNG.java:1187)
at org.testng.TestNG.runSuitesLocally(TestNG.java:1109)
at org.testng.TestNG.runSuites(TestNG.java:1039)
at org.testng.TestNG.run(TestNG.java:1007)
at org.testng.remote.AbstractRemoteTestNG.run(AbstractRemoteTestNG.java:115)
at org.testng.remote.RemoteTestNG.initAndRun(RemoteTestNG.java:251)
at org.testng.remote.RemoteTestNG.main(RemoteTestNG.java:77)
]]>
            </full-stacktrace>
          </exception> <!-- io.cucumber.testng.UndefinedStepException -->
          <reporter-output>
          </reporter-output>
        </test-method> <!-- runScenario -->
        <test-method signature="runScenario(io.cucumber.testng.PickleWrapper, io.cucumber.testng.FeatureWrapper)[pri:0, instance:runnerfiles.RunnerFiles@69e1dd28]" started-at="2023-07-19T03:15:16 WIB" name="runScenario" description="Runs Cucumber Scenarios" data-provider="scenarios" finished-at="2023-07-19T03:15:24 WIB" duration-ms="7620" status="PASS">
          <params>
            <param index="0">
              <value>
                <![CDATA["To ensure error message will be displayed when input invalid value at field Tujuan"]]>
              </value>
            </param>
            <param index="1">
              <value>
                <![CDATA["Tiket Kereta Api"]]>
              </value>
            </param>
          </params>
          <reporter-output>
          </reporter-output>
        </test-method> <!-- runScenario -->
        <test-method signature="runScenario(io.cucumber.testng.PickleWrapper, io.cucumber.testng.FeatureWrapper)[pri:0, instance:runnerfiles.RunnerFiles@69e1dd28]" started-at="2023-07-19T03:15:24 WIB" name="runScenario" description="Runs Cucumber Scenarios" data-provider="scenarios" finished-at="2023-07-19T03:15:31 WIB" duration-ms="7663" status="PASS">
          <params>
            <param index="0">
              <value>
                <![CDATA["To ensure can swap location between field Asal and Field Tujuan"]]>
              </value>
            </param>
            <param index="1">
              <value>
                <![CDATA["Tiket Kereta Api"]]>
              </value>
            </param>
          </params>
          <reporter-output>
          </reporter-output>
        </test-method> <!-- runScenario -->
        <test-method signature="runScenario(io.cucumber.testng.PickleWrapper, io.cucumber.testng.FeatureWrapper)[pri:0, instance:runnerfiles.RunnerFiles@69e1dd28]" started-at="2023-07-19T03:15:31 WIB" name="runScenario" description="Runs Cucumber Scenarios" data-provider="scenarios" finished-at="2023-07-19T03:15:38 WIB" duration-ms="7008" status="PASS">
          <params>
            <param index="0">
              <value>
                <![CDATA["To ensure error message will be displayed when field Asal & Tujuan have a same value"]]>
              </value>
            </param>
            <param index="1">
              <value>
                <![CDATA["Tiket Kereta Api"]]>
              </value>
            </param>
          </params>
          <reporter-output>
          </reporter-output>
        </test-method> <!-- runScenario -->
        <test-method signature="runScenario(io.cucumber.testng.PickleWrapper, io.cucumber.testng.FeatureWrapper)[pri:0, instance:runnerfiles.RunnerFiles@69e1dd28]" started-at="2023-07-19T03:15:38 WIB" name="runScenario" description="Runs Cucumber Scenarios" data-provider="scenarios" finished-at="2023-07-19T03:15:46 WIB" duration-ms="7608" status="PASS">
          <params>
            <param index="0">
              <value>
                <![CDATA["To ensure can select date on field Berangkat"]]>
              </value>
            </param>
            <param index="1">
              <value>
                <![CDATA["Tiket Kereta Api"]]>
              </value>
            </param>
          </params>
          <reporter-output>
          </reporter-output>
        </test-method> <!-- runScenario -->
        <test-method is-config="true" signature="tearDownClass()[pri:0, instance:runnerfiles.RunnerFiles@69e1dd28]" started-at="2023-07-19T03:15:46 WIB" name="tearDownClass" finished-at="2023-07-19T03:15:46 WIB" duration-ms="302" status="PASS">
          <reporter-output>
          </reporter-output>
        </test-method> <!-- tearDownClass -->
      </class> <!-- runnerfiles.RunnerFiles -->
    </test> <!-- Default test -->
  </suite> <!-- Default suite -->
</testng-results>
